<?xml version="1.0" encoding="UTF-8"?>
<testng-results ignored="3" total="4" passed="1" failed="0" skipped="0">
  <reporter-output>
  </reporter-output>
  <suite started-at="2024-02-08T16:00:29 IST" name="Default suite" finished-at="2024-02-08T16:00:52 IST" duration-ms="22471">
    <groups>
    </groups>
    <test started-at="2024-02-08T16:00:29 IST" name="Default test" finished-at="2024-02-08T16:00:52 IST" duration-ms="22471">
      <class name="vendorLogin.Bookings">
        <test-method is-config="true" signature="weblogin()[pri:0, instance:vendorLogin.Bookings@71a8adcf]" started-at="2024-02-08T16:00:29 IST" name="weblogin" finished-at="2024-02-08T16:00:47 IST" duration-ms="17784" status="PASS">
          <reporter-output>
          </reporter-output>
        </test-method> <!-- weblogin -->
        <test-method signature="ViewBookings4()[pri:4, instance:vendorLogin.Bookings@71a8adcf]" started-at="2024-02-08T16:00:47 IST" name="ViewBookings4" finished-at="2024-02-08T16:00:51 IST" duration-ms="4061" status="PASS">
          <reporter-output>
          </reporter-output>
        </test-method> <!-- ViewBookings4 -->
        <test-method is-config="true" signature="windowClose()[pri:0, instance:vendorLogin.Bookings@71a8adcf]" started-at="2024-02-08T16:00:51 IST" name="windowClose" finished-at="2024-02-08T16:00:52 IST" duration-ms="577" status="PASS">
          <reporter-output>
          </reporter-output>
        </test-method> <!-- windowClose -->
      </class> <!-- vendorLogin.Bookings -->
    </test> <!-- Default test -->
  </suite> <!-- Default suite -->
</testng-results>
