<?xml version="1.0" encoding="UTF-8"?>
<!-- Generated by org.testng.reporters.JUnitXMLReporter -->
<testsuite ignored="3" hostname="DESKTOP-EM2UP6U" failures="0" tests="1" name="Default test" time="22.471" errors="0" timestamp="2024-02-08T16:00:52 IST">
  <testcase classname="vendorLogin.Bookings" name="ViewBookings4" time="4.061"/>
  <testcase classname="vendorLogin.Bookings" name="ViewBookings3" time="0.0">
    <ignored/>
  </testcase> <!-- ViewBookings3 -->
  <testcase classname="vendorLogin.Bookings" name="ViewBookings2" time="0.0">
    <ignored/>
  </testcase> <!-- ViewBookings2 -->
  <testcase classname="vendorLogin.Bookings" name="ViewBookings1" time="0.0">
    <ignored/>
  </testcase> <!-- ViewBookings1 -->
</testsuite> <!-- Default test -->
